01:12:51    16 -->                                                             [tcl] ucliGUI::connect -toolargs -ucligui -toolexe ./simv -pid 26938 -toolin /tmp/vcs_20181124071247_26937_diegosalazar..stdin -toolout /tmp/vcs_20181124071247_26937_diegosalazar..stdout  
01:12:51    17 -->                                                                 [tcl] set ucliGUI::state
01:12:51    18 -->                                                                     [tcl] gui_update_simulator_buttons
01:12:52    19 -->                                                                         [tcl] set ucliGUI::state
01:12:52    20 -->                                                                             [tcl] ucliCore::getToolPID
01:12:52    21 -->                                                                                 [tcl] synopsys::env hasTB
01:12:52    22 -->                                                                                     [tcl] trigger_hier_stack_context_switch 0
01:12:52    23 -->                                                                                         [tcl] synopsys::xml set_array_limit <data limit="50" />
01:12:52    24 -->                                                                                             [tcl] synopsys::xml set_depth_limit <data limit="100" />
01:12:52    25 --> ...  [tcl] synopsys::xml set_string_limit <data limit="1000" />
01:12:52    26 --> ...      [tcl] synopsys::xml set_only_active_frame <data value="1" />
01:12:52    27 --> ...          [tcl] synopsys::xml set_variable_frame_id <data value="1" />
01:12:52    28 --> ...              [tcl] synUtils::setDVEInitPhase 1
01:12:52    29 --> ...                  [tcl] gui_get_env SIMSETUP::SIMVPD
01:12:52    30 --> ...                      [tcl] synopsys::dump -type VPD -file /mnt/vol_NFS_Zener/WD_ESPEC/diegosalazar/Proyecto1_VF_M.O.S/inter.vpd -locking
01:12:52    31 --> ...                          [tcl] synopsys::dump -autoflush on -fid VPD0
01:12:52    32 --> ...                              [tcl] set ::dve_fid VPD0
01:12:52    33 --> ...                                  [tcl] synUtils::setDVEInitPhase 0
01:12:52    34 --> ...                                      [tcl] ucliCore::getToolPID
01:12:52    35 --> ...                                          [tcl] synUtils::sendTool -active _icl_setToolSocket /tmp/smlnp7AXWVs
01:12:52    36 --> ...                                              [tcl] synUtils::sendTool -active {_icl_start_rpc -version "M-2017.03-SP2-5_Full64" -sync_file /tmp/vcs_dve_rpc.diegosalazar.26938}
01:12:52    37 --> ...                                                  [tcl] synUtils::sendTool -active {_icl_createSharedMemory /tmp/vcs_dve_general.diegosalazar.26938}
01:12:52    38 --> ...                                                      [tcl] dveMisc::vbusExpand tbench_top
01:12:52    39 --> ...                                                          [tcl] dveMisc::vbusExpand _vcs_unit__2184009496
01:12:52    40 --> ...                                                              [tcl] config endofsim noexit
01:12:52    41 --> ...                                                                  [tcl] config onfail enable all
01:12:52    42 --> ...                                                                      [tcl] config syscaddplainmembers
01:12:53    43 --> ...                                                                          [tcl] config syscaddsourcenames
01:12:53    44 --> ...                                                                              [tcl] config syscaddstructtypes
01:12:53    45 --> ...                                                                                  [tcl] synopsys::listing -disable
01:12:55    46 --> ...                                                                                      [tcl] synUtils::sendTool -active {_icl_getAssertions}
01:12:55    47 --> ...                                                                                          [tcl] synUtils::sendTool -active {_icl_getAssertions -scopes}
01:12:55    48 --> ...                                                                                              [tcl] ucliGUI::vpdAddHierarchy -scope tbench_top.my_assert -depth 1 -file /mnt/vol_NFS_Zener/WD_ESPEC/diegosalazar/Proyecto1_VF_M.O.S/inter.vpd
01:12:55    49 --> ...                                                                                                  [tcl] ucliGUI::vpdAddHierarchy -scope tbench_top.u_dut.u_wb2sdrc -depth 1 -file /mnt/vol_NFS_Zener/WD_ESPEC/diegosalazar/Proyecto1_VF_M.O.S/inter.vpd
01:12:55    50 --> ...  [tcl] ucliGUI::vpdAddHierarchy -scope tbench_top.u_dut.u_wb2sdrc.u_cmdfifo -depth 1 -file /mnt/vol_NFS_Zener/WD_ESPEC/diegosalazar/Proyecto1_VF_M.O.S/inter.vpd
01:12:55    51 --> ...      [tcl] ucliGUI::vpdAddHierarchy -scope tbench_top.u_dut.u_wb2sdrc.u_rddatafifo -depth 1 -file /mnt/vol_NFS_Zener/WD_ESPEC/diegosalazar/Proyecto1_VF_M.O.S/inter.vpd
01:12:55    52 --> ...          [tcl] ucliGUI::vpdAddHierarchy -scope tbench_top.u_dut.u_wb2sdrc.u_wrdatafifo -depth 1 -file /mnt/vol_NFS_Zener/WD_ESPEC/diegosalazar/Proyecto1_VF_M.O.S/inter.vpd
01:12:55    53 --> ...              [tcl] synopsys::dump -flush VPD0
01:12:57    54 --> ...                  [tcl] synopsys::run
01:12:57    55 --> ...                      [tcl] set ucliGUI::state
01:12:57    56 --> ...                          [tcl] gui_update_simulator_buttons
01:12:57    57 --> ...                              [tcl] set ucliGUI::state
01:12:57    58 --> ...                                  [tcl] gui_update_simulator_buttons
01:12:57    59 --> ...                                      [tcl] set ucliGUI::state
01:12:57    60 --> ...                                          [tcl] set ucliGUI::state
01:12:57    61 --> ...                                              [tcl] catch {senv activeDomain} dveMisc::result 
01:12:57    62 --> ...                                                  [tcl] set dveMisc::result
01:12:57    63 --> ...                                                      [tcl] gui_update_simulator_buttons
01:12:57    64 --> ...                                                          [tcl] synopsys::xml get_stop_data
01:12:57    65 --> ...                                                              [tcl] synopsys::xml {frames <data updateType="preserve" itemId="none" viewId="Stack.1" />}
01:12:57    66 --> ...                                                                  [tcl] synopsys::xml {locals <data updateType="preserve" itemId="none" frame_id="frame(4:0:1)" viewId="Local.1" />}
01:12:57    67 --> ...                                                                      [tcl] dveMisc::vbusExpand tbench_top.tb
01:13:04    68 --> ...                                                                          [tcl] if [catch {gui_sim_terminate}] {gui_sim_terminate -kill}
01:13:04    69 --> ...                                                                              [tcl] synopsys::finish
01:13:04    70 --> ...                                                                                  [tcl] set ucliGUI::state
01:13:04    71 --> ...                                                                                      [tcl] gui_update_simulator_buttons
01:13:04    72 --> ...                                                                                          [tcl] set ucliGUI::state
01:13:04    73 --> ...                                                                                              [tcl] catch {senv activeDomain} dveMisc::result 
01:13:04    74 --> ...                                                                                                  [tcl] set dveMisc::result
01:13:04    75 --> ...  [tcl] gui_update_simulator_buttons
01:13:04    76 --> ...      [tcl] catch {senv activeDomain} dveMisc::result 
01:13:04    77 --> ...          [tcl] set dveMisc::result
01:13:04    78 --> ...              [tcl] ucli_exit
